2025-09-10 00:03:25,513 - TestBabihostLogin - INFO - Test started: test_login
2025-09-10 00:03:25,528 - BabihostLogin - INFO - Starting Babihost login process
2025-09-10 00:03:44,673 - BabihostLogin - ERROR - Error during login/logout process: Message: invalid session id: session deleted as the browser has closed the connection
from disconnected: not connected to DevTools
  (Session info: chrome=140.0.7339.81); For documentation on this error, please visit: https://www.selenium.dev/documentation/webdriver/troubleshooting/errors#invalidsessionidexception
Stacktrace:
	GetHandleVerifier [0x0x7ff7145efca5+79861]
	GetHandleVerifier [0x0x7ff7145efd00+79952]
	(No symbol) [0x0x7ff71436cada]
	(No symbol) [0x0x7ff714358995]
	(No symbol) [0x0x7ff71437dbda]
	(No symbol) [0x0x7ff7143f4346]
	(No symbol) [0x0x7ff7144148c2]
	(No symbol) [0x0x7ff7143ec8b3]
	(No symbol) [0x0x7ff7143b5272]
	(No symbol) [0x0x7ff7143b6043]
	GetHandleVerifier [0x0x7ff7148ab9dd+2946349]
	GetHandleVerifier [0x0x7ff7148a5c5a+2922410]
	GetHandleVerifier [0x0x7ff7148c59e7+3052855]
	GetHandleVerifier [0x0x7ff71460aa8e+189918]
	GetHandleVerifier [0x0x7ff714612a2f+222591]
	GetHandleVerifier [0x0x7ff7145f8ac4+116244]
	GetHandleVerifier [0x0x7ff7145f8c79+116681]
	GetHandleVerifier [0x0x7ff7145df058+11176]
	BaseThreadInitThunk [0x0x7ff9de657374+20]
	RtlUserThreadStart [0x0x7ff9dffdcc91+33]

2025-09-10 00:04:08,032 - TestBabihostLogin - INFO - Test started: test_login
2025-09-10 00:04:08,047 - BabihostLogin - INFO - Location email
2025-09-10 00:04:08,301 - BabihostLogin - INFO - Sent username
2025-09-10 00:04:16,510 - TestBabihostLogin - INFO - Login test completed successfully
2025-09-10 00:04:16,518 - TestBabihostLogin - INFO - Test started: test_login
2025-09-10 00:04:16,529 - BabihostLogin - INFO - Location email
2025-09-10 00:04:16,529 - BabihostLogin - INFO - Location email
2025-09-10 00:04:16,535 - TestBabihostLogin - ERROR - An error occurred during login: Alert Text: Are you sure you want to log out?
Message: unexpected alert open: {Alert text : Are you sure you want to log out?}
  (Session info: chrome=140.0.7339.81)
Stacktrace:
	GetHandleVerifier [0x0x7ff7145efca5+79861]
	GetHandleVerifier [0x0x7ff7145efd00+79952]
	(No symbol) [0x0x7ff71436cada]
	(No symbol) [0x0x7ff7144159fd]
	(No symbol) [0x0x7ff7143ec8b3]
	(No symbol) [0x0x7ff7143b5272]
	(No symbol) [0x0x7ff7143b6043]
	GetHandleVerifier [0x0x7ff7148ab9dd+2946349]
	GetHandleVerifier [0x0x7ff7148a5c5a+2922410]
	GetHandleVerifier [0x0x7ff7148c59e7+3052855]
	GetHandleVerifier [0x0x7ff71460aa8e+189918]
	GetHandleVerifier [0x0x7ff714612a2f+222591]
	GetHandleVerifier [0x0x7ff7145f8ac4+116244]
	GetHandleVerifier [0x0x7ff7145f8c79+116681]
	GetHandleVerifier [0x0x7ff7145df058+11176]
	BaseThreadInitThunk [0x0x7ff9de657374+20]
	RtlUserThreadStart [0x0x7ff9dffdcc91+33]

2025-09-10 00:04:16,866 - TestBabihostLogin - INFO - Test started: test_login
2025-09-10 00:04:16,880 - BabihostLogin - INFO - Location email
2025-09-10 00:04:16,880 - BabihostLogin - INFO - Location email
2025-09-10 00:04:16,880 - BabihostLogin - INFO - Location email
2025-09-10 00:04:24,747 - TestBabihostLogin - ERROR - An error occurred during login: Message: invalid session id: session deleted as the browser has closed the connection
from disconnected: not connected to DevTools
  (Session info: chrome=140.0.7339.81); For documentation on this error, please visit: https://www.selenium.dev/documentation/webdriver/troubleshooting/errors#invalidsessionidexception
Stacktrace:
	GetHandleVerifier [0x0x7ff7145efca5+79861]
	GetHandleVerifier [0x0x7ff7145efd00+79952]
	(No symbol) [0x0x7ff71436cada]
	(No symbol) [0x0x7ff714358995]
	(No symbol) [0x0x7ff71437dbda]
	(No symbol) [0x0x7ff7143f4346]
	(No symbol) [0x0x7ff7144148c2]
	(No symbol) [0x0x7ff7143ec8b3]
	(No symbol) [0x0x7ff7143b5272]
	(No symbol) [0x0x7ff7143b6043]
	GetHandleVerifier [0x0x7ff7148ab9dd+2946349]
	GetHandleVerifier [0x0x7ff7148a5c5a+2922410]
	GetHandleVerifier [0x0x7ff7148c59e7+3052855]
	GetHandleVerifier [0x0x7ff71460aa8e+189918]
	GetHandleVerifier [0x0x7ff714612a2f+222591]
	GetHandleVerifier [0x0x7ff7145f8ac4+116244]
	GetHandleVerifier [0x0x7ff7145f8c79+116681]
	GetHandleVerifier [0x0x7ff7145df058+11176]
	BaseThreadInitThunk [0x0x7ff9de657374+20]
	RtlUserThreadStart [0x0x7ff9dffdcc91+33]

2025-09-10 00:07:45,529 - TestBabihostLogin - INFO - Test started: test_login
2025-09-10 00:07:45,555 - BabihostLogin - INFO - Location email
2025-09-10 00:07:45,751 - BabihostLogin - INFO - Sent username
2025-09-10 00:07:53,492 - BabihostLogin - INFO - Confirmed logout via site popup
2025-09-10 00:07:56,494 - TestBabihostLogin - INFO - Login test completed successfully
2025-09-10 00:07:56,500 - TestBabihostLogin - INFO - Test started: test_login
2025-09-10 00:07:56,509 - BabihostLogin - INFO - Location email
2025-09-10 00:07:56,509 - BabihostLogin - INFO - Location email
2025-09-10 00:07:59,756 - BabihostLogin - INFO - Sent username
2025-09-10 00:07:59,756 - BabihostLogin - INFO - Sent username
2025-09-10 00:08:03,005 - TestBabihostLogin - ERROR - An error occurred during login: Message: no such element: Unable to locate element: {"method":"xpath","selector":"//*[@id="nova-ui-dropdown-button-3"]"}
  (Session info: chrome=140.0.7339.81); For documentation on this error, please visit: https://www.selenium.dev/documentation/webdriver/troubleshooting/errors#nosuchelementexception
Stacktrace:
	GetHandleVerifier [0x0x7ff7145efca5+79861]
	GetHandleVerifier [0x0x7ff7145efd00+79952]
	(No symbol) [0x0x7ff71436cada]
	(No symbol) [0x0x7ff7143c4457]
	(No symbol) [0x0x7ff7143c471c]
	(No symbol) [0x0x7ff714418217]
	(No symbol) [0x0x7ff7143ecb1f]
	(No symbol) [0x0x7ff714414f8b]
	(No symbol) [0x0x7ff7143ec8b3]
	(No symbol) [0x0x7ff7143b5272]
	(No symbol) [0x0x7ff7143b6043]
	GetHandleVerifier [0x0x7ff7148ab9dd+2946349]
	GetHandleVerifier [0x0x7ff7148a5c5a+2922410]
	GetHandleVerifier [0x0x7ff7148c59e7+3052855]
	GetHandleVerifier [0x0x7ff71460aa8e+189918]
	GetHandleVerifier [0x0x7ff714612a2f+222591]
	GetHandleVerifier [0x0x7ff7145f8ac4+116244]
	GetHandleVerifier [0x0x7ff7145f8c79+116681]
	GetHandleVerifier [0x0x7ff7145df058+11176]
	BaseThreadInitThunk [0x0x7ff9de657374+20]
	RtlUserThreadStart [0x0x7ff9dffdcc91+33]

2025-09-10 00:08:03,384 - TestBabihostLogin - INFO - Test started: test_login
2025-09-10 00:08:03,401 - BabihostLogin - INFO - Location email
2025-09-10 00:08:03,401 - BabihostLogin - INFO - Location email
2025-09-10 00:08:03,401 - BabihostLogin - INFO - Location email
2025-09-10 00:08:03,597 - BabihostLogin - INFO - Sent username
2025-09-10 00:08:03,597 - BabihostLogin - INFO - Sent username
2025-09-10 00:08:03,597 - BabihostLogin - INFO - Sent username
2025-09-10 00:08:06,837 - TestBabihostLogin - ERROR - An error occurred during login: Message: no such element: Unable to locate element: {"method":"xpath","selector":"//*[@id="nova-ui-dropdown-button-3"]"}
  (Session info: chrome=140.0.7339.81); For documentation on this error, please visit: https://www.selenium.dev/documentation/webdriver/troubleshooting/errors#nosuchelementexception
Stacktrace:
	GetHandleVerifier [0x0x7ff7145efca5+79861]
	GetHandleVerifier [0x0x7ff7145efd00+79952]
	(No symbol) [0x0x7ff71436cada]
	(No symbol) [0x0x7ff7143c4457]
	(No symbol) [0x0x7ff7143c471c]
	(No symbol) [0x0x7ff714418217]
	(No symbol) [0x0x7ff7143ecb1f]
	(No symbol) [0x0x7ff714414f8b]
	(No symbol) [0x0x7ff7143ec8b3]
	(No symbol) [0x0x7ff7143b5272]
	(No symbol) [0x0x7ff7143b6043]
	GetHandleVerifier [0x0x7ff7148ab9dd+2946349]
	GetHandleVerifier [0x0x7ff7148a5c5a+2922410]
	GetHandleVerifier [0x0x7ff7148c59e7+3052855]
	GetHandleVerifier [0x0x7ff71460aa8e+189918]
	GetHandleVerifier [0x0x7ff714612a2f+222591]
	GetHandleVerifier [0x0x7ff7145f8ac4+116244]
	GetHandleVerifier [0x0x7ff7145f8c79+116681]
	GetHandleVerifier [0x0x7ff7145df058+11176]
	BaseThreadInitThunk [0x0x7ff9de657374+20]
	RtlUserThreadStart [0x0x7ff9dffdcc91+33]

2025-09-10 00:08:07,154 - TestBabihostLogin - INFO - Test started: test_login
2025-09-10 00:08:07,212 - BabihostLogin - INFO - Location email
2025-09-10 00:08:07,212 - BabihostLogin - INFO - Location email
2025-09-10 00:08:07,212 - BabihostLogin - INFO - Location email
2025-09-10 00:08:07,212 - BabihostLogin - INFO - Location email
2025-09-10 00:08:07,487 - BabihostLogin - INFO - Sent username
2025-09-10 00:08:07,487 - BabihostLogin - INFO - Sent username
2025-09-10 00:08:07,487 - BabihostLogin - INFO - Sent username
2025-09-10 00:08:07,487 - BabihostLogin - INFO - Sent username
2025-09-10 00:08:10,721 - TestBabihostLogin - ERROR - An error occurred during login: Message: no such element: Unable to locate element: {"method":"xpath","selector":"//*[@id="nova-ui-dropdown-button-3"]"}
  (Session info: chrome=140.0.7339.81); For documentation on this error, please visit: https://www.selenium.dev/documentation/webdriver/troubleshooting/errors#nosuchelementexception
Stacktrace:
	GetHandleVerifier [0x0x7ff7145efca5+79861]
	GetHandleVerifier [0x0x7ff7145efd00+79952]
	(No symbol) [0x0x7ff71436cada]
	(No symbol) [0x0x7ff7143c4457]
	(No symbol) [0x0x7ff7143c471c]
	(No symbol) [0x0x7ff714418217]
	(No symbol) [0x0x7ff7143ecb1f]
	(No symbol) [0x0x7ff714414f8b]
	(No symbol) [0x0x7ff7143ec8b3]
	(No symbol) [0x0x7ff7143b5272]
	(No symbol) [0x0x7ff7143b6043]
	GetHandleVerifier [0x0x7ff7148ab9dd+2946349]
	GetHandleVerifier [0x0x7ff7148a5c5a+2922410]
	GetHandleVerifier [0x0x7ff7148c59e7+3052855]
	GetHandleVerifier [0x0x7ff71460aa8e+189918]
	GetHandleVerifier [0x0x7ff714612a2f+222591]
	GetHandleVerifier [0x0x7ff7145f8ac4+116244]
	GetHandleVerifier [0x0x7ff7145f8c79+116681]
	GetHandleVerifier [0x0x7ff7145df058+11176]
	BaseThreadInitThunk [0x0x7ff9de657374+20]
	RtlUserThreadStart [0x0x7ff9dffdcc91+33]

2025-09-10 00:19:10,051 - TestBabihostLogin - INFO - Test started: test_login
2025-09-10 00:19:10,068 - BabihostLogin - INFO - Location email
2025-09-10 00:19:10,345 - BabihostLogin - INFO - Sent username
2025-09-10 00:19:18,054 - BabihostLogin - INFO - Confirmed logout via site popup
2025-09-10 00:19:21,055 - TestBabihostLogin - INFO - Login test completed successfully
2025-09-10 00:19:21,065 - TestBabihostLogin - INFO - Test started: test_login
2025-09-10 00:19:21,078 - BabihostLogin - INFO - Location email
2025-09-10 00:19:21,078 - BabihostLogin - INFO - Location email
2025-09-10 00:19:23,070 - BabihostLogin - INFO - Sent username
2025-09-10 00:19:23,070 - BabihostLogin - INFO - Sent username
2025-09-10 00:19:26,346 - TestBabihostLogin - ERROR - An error occurred during login: Message: no such element: Unable to locate element: {"method":"xpath","selector":"//*[@id="nova-ui-dropdown-button-3"]"}
  (Session info: chrome=140.0.7339.81); For documentation on this error, please visit: https://www.selenium.dev/documentation/webdriver/troubleshooting/errors#nosuchelementexception
Stacktrace:
	GetHandleVerifier [0x0x7ff69c1efca5+79861]
	GetHandleVerifier [0x0x7ff69c1efd00+79952]
	(No symbol) [0x0x7ff69bf6cada]
	(No symbol) [0x0x7ff69bfc4457]
	(No symbol) [0x0x7ff69bfc471c]
	(No symbol) [0x0x7ff69c018217]
	(No symbol) [0x0x7ff69bfecb1f]
	(No symbol) [0x0x7ff69c014f8b]
	(No symbol) [0x0x7ff69bfec8b3]
	(No symbol) [0x0x7ff69bfb5272]
	(No symbol) [0x0x7ff69bfb6043]
	GetHandleVerifier [0x0x7ff69c4ab9dd+2946349]
	GetHandleVerifier [0x0x7ff69c4a5c5a+2922410]
	GetHandleVerifier [0x0x7ff69c4c59e7+3052855]
	GetHandleVerifier [0x0x7ff69c20aa8e+189918]
	GetHandleVerifier [0x0x7ff69c212a2f+222591]
	GetHandleVerifier [0x0x7ff69c1f8ac4+116244]
	GetHandleVerifier [0x0x7ff69c1f8c79+116681]
	GetHandleVerifier [0x0x7ff69c1df058+11176]
	BaseThreadInitThunk [0x0x7ff9de657374+20]
	RtlUserThreadStart [0x0x7ff9dffdcc91+33]

2025-09-10 00:19:26,785 - TestBabihostLogin - INFO - Test started: test_login
2025-09-10 00:19:26,803 - BabihostLogin - INFO - Location email
2025-09-10 00:19:26,803 - BabihostLogin - INFO - Location email
2025-09-10 00:19:26,803 - BabihostLogin - INFO - Location email
2025-09-10 00:19:26,950 - BabihostLogin - INFO - Sent username
2025-09-10 00:19:26,950 - BabihostLogin - INFO - Sent username
2025-09-10 00:19:26,950 - BabihostLogin - INFO - Sent username
2025-09-10 00:19:30,235 - TestBabihostLogin - ERROR - An error occurred during login: Message: no such element: Unable to locate element: {"method":"xpath","selector":"//*[@id="nova-ui-dropdown-button-3"]"}
  (Session info: chrome=140.0.7339.81); For documentation on this error, please visit: https://www.selenium.dev/documentation/webdriver/troubleshooting/errors#nosuchelementexception
Stacktrace:
	GetHandleVerifier [0x0x7ff69c1efca5+79861]
	GetHandleVerifier [0x0x7ff69c1efd00+79952]
	(No symbol) [0x0x7ff69bf6cada]
	(No symbol) [0x0x7ff69bfc4457]
	(No symbol) [0x0x7ff69bfc471c]
	(No symbol) [0x0x7ff69c018217]
	(No symbol) [0x0x7ff69bfecb1f]
	(No symbol) [0x0x7ff69c014f8b]
	(No symbol) [0x0x7ff69bfec8b3]
	(No symbol) [0x0x7ff69bfb5272]
	(No symbol) [0x0x7ff69bfb6043]
	GetHandleVerifier [0x0x7ff69c4ab9dd+2946349]
	GetHandleVerifier [0x0x7ff69c4a5c5a+2922410]
	GetHandleVerifier [0x0x7ff69c4c59e7+3052855]
	GetHandleVerifier [0x0x7ff69c20aa8e+189918]
	GetHandleVerifier [0x0x7ff69c212a2f+222591]
	GetHandleVerifier [0x0x7ff69c1f8ac4+116244]
	GetHandleVerifier [0x0x7ff69c1f8c79+116681]
	GetHandleVerifier [0x0x7ff69c1df058+11176]
	BaseThreadInitThunk [0x0x7ff9de657374+20]
	RtlUserThreadStart [0x0x7ff9dffdcc91+33]

2025-09-10 00:19:30,595 - TestBabihostLogin - INFO - Test started: test_login
2025-09-10 00:19:30,610 - BabihostLogin - INFO - Location email
2025-09-10 00:19:30,610 - BabihostLogin - INFO - Location email
2025-09-10 00:19:30,610 - BabihostLogin - INFO - Location email
2025-09-10 00:19:30,610 - BabihostLogin - INFO - Location email
2025-09-10 00:19:30,781 - BabihostLogin - INFO - Sent username
2025-09-10 00:19:30,781 - BabihostLogin - INFO - Sent username
2025-09-10 00:19:30,781 - BabihostLogin - INFO - Sent username
2025-09-10 00:19:30,781 - BabihostLogin - INFO - Sent username
2025-09-10 00:19:34,039 - TestBabihostLogin - ERROR - An error occurred during login: Message: no such element: Unable to locate element: {"method":"xpath","selector":"//*[@id="nova-ui-dropdown-button-3"]"}
  (Session info: chrome=140.0.7339.81); For documentation on this error, please visit: https://www.selenium.dev/documentation/webdriver/troubleshooting/errors#nosuchelementexception
Stacktrace:
	GetHandleVerifier [0x0x7ff69c1efca5+79861]
	GetHandleVerifier [0x0x7ff69c1efd00+79952]
	(No symbol) [0x0x7ff69bf6cada]
	(No symbol) [0x0x7ff69bfc4457]
	(No symbol) [0x0x7ff69bfc471c]
	(No symbol) [0x0x7ff69c018217]
	(No symbol) [0x0x7ff69bfecb1f]
	(No symbol) [0x0x7ff69c014f8b]
	(No symbol) [0x0x7ff69bfec8b3]
	(No symbol) [0x0x7ff69bfb5272]
	(No symbol) [0x0x7ff69bfb6043]
	GetHandleVerifier [0x0x7ff69c4ab9dd+2946349]
	GetHandleVerifier [0x0x7ff69c4a5c5a+2922410]
	GetHandleVerifier [0x0x7ff69c4c59e7+3052855]
	GetHandleVerifier [0x0x7ff69c20aa8e+189918]
	GetHandleVerifier [0x0x7ff69c212a2f+222591]
	GetHandleVerifier [0x0x7ff69c1f8ac4+116244]
	GetHandleVerifier [0x0x7ff69c1f8c79+116681]
	GetHandleVerifier [0x0x7ff69c1df058+11176]
	BaseThreadInitThunk [0x0x7ff9de657374+20]
	RtlUserThreadStart [0x0x7ff9dffdcc91+33]

2025-09-10 01:33:19,168 - TestBabihostLogin - INFO - Test started: test_login
2025-09-10 01:33:19,176 - BabihostLogin - INFO - Location email
2025-09-10 01:33:19,276 - BabihostLogin - INFO - Sent username
2025-09-10 01:33:26,811 - BabihostLogin - INFO - Confirmed logout via site popup
2025-09-10 01:33:29,812 - TestBabihostLogin - INFO - Login test completed successfully
2025-09-10 01:33:29,815 - TestBabihostLogin - INFO - Test started: test_login
2025-09-10 01:33:29,821 - BabihostLogin - INFO - Location email
2025-09-10 01:33:29,821 - BabihostLogin - INFO - Location email
2025-09-10 01:33:35,393 - BabihostLogin - INFO - Sent username
2025-09-10 01:33:35,393 - BabihostLogin - INFO - Sent username
2025-09-10 01:33:38,577 - TestBabihostLogin - ERROR - An error occurred during login: Message: no such element: Unable to locate element: {"method":"xpath","selector":"//*[@id="nova-ui-dropdown-button-3"]"}
  (Session info: chrome=140.0.7339.81); For documentation on this error, please visit: https://www.selenium.dev/documentation/webdriver/troubleshooting/errors#nosuchelementexception
Stacktrace:
	GetHandleVerifier [0x0x7ff6048afca5+79861]
	GetHandleVerifier [0x0x7ff6048afd00+79952]
	(No symbol) [0x0x7ff60462cada]
	(No symbol) [0x0x7ff604684457]
	(No symbol) [0x0x7ff60468471c]
	(No symbol) [0x0x7ff6046d8217]
	(No symbol) [0x0x7ff6046acb1f]
	(No symbol) [0x0x7ff6046d4f8b]
	(No symbol) [0x0x7ff6046ac8b3]
	(No symbol) [0x0x7ff604675272]
	(No symbol) [0x0x7ff604676043]
	GetHandleVerifier [0x0x7ff604b6b9dd+2946349]
	GetHandleVerifier [0x0x7ff604b65c5a+2922410]
	GetHandleVerifier [0x0x7ff604b859e7+3052855]
	GetHandleVerifier [0x0x7ff6048caa8e+189918]
	GetHandleVerifier [0x0x7ff6048d2a2f+222591]
	GetHandleVerifier [0x0x7ff6048b8ac4+116244]
	GetHandleVerifier [0x0x7ff6048b8c79+116681]
	GetHandleVerifier [0x0x7ff60489f058+11176]
	BaseThreadInitThunk [0x0x7ff805f17374+20]
	RtlUserThreadStart [0x0x7ff80757cc91+33]

2025-09-10 01:33:38,809 - TestBabihostLogin - INFO - Test started: test_login
2025-09-10 01:33:38,813 - BabihostLogin - INFO - Location email
2025-09-10 01:33:38,813 - BabihostLogin - INFO - Location email
2025-09-10 01:33:38,813 - BabihostLogin - INFO - Location email
2025-09-10 01:33:38,876 - BabihostLogin - INFO - Sent username
2025-09-10 01:33:38,876 - BabihostLogin - INFO - Sent username
2025-09-10 01:33:38,876 - BabihostLogin - INFO - Sent username
2025-09-10 01:33:42,054 - TestBabihostLogin - ERROR - An error occurred during login: Message: no such element: Unable to locate element: {"method":"xpath","selector":"//*[@id="nova-ui-dropdown-button-3"]"}
  (Session info: chrome=140.0.7339.81); For documentation on this error, please visit: https://www.selenium.dev/documentation/webdriver/troubleshooting/errors#nosuchelementexception
Stacktrace:
	GetHandleVerifier [0x0x7ff6048afca5+79861]
	GetHandleVerifier [0x0x7ff6048afd00+79952]
	(No symbol) [0x0x7ff60462cada]
	(No symbol) [0x0x7ff604684457]
	(No symbol) [0x0x7ff60468471c]
	(No symbol) [0x0x7ff6046d8217]
	(No symbol) [0x0x7ff6046acb1f]
	(No symbol) [0x0x7ff6046d4f8b]
	(No symbol) [0x0x7ff6046ac8b3]
	(No symbol) [0x0x7ff604675272]
	(No symbol) [0x0x7ff604676043]
	GetHandleVerifier [0x0x7ff604b6b9dd+2946349]
	GetHandleVerifier [0x0x7ff604b65c5a+2922410]
	GetHandleVerifier [0x0x7ff604b859e7+3052855]
	GetHandleVerifier [0x0x7ff6048caa8e+189918]
	GetHandleVerifier [0x0x7ff6048d2a2f+222591]
	GetHandleVerifier [0x0x7ff6048b8ac4+116244]
	GetHandleVerifier [0x0x7ff6048b8c79+116681]
	GetHandleVerifier [0x0x7ff60489f058+11176]
	BaseThreadInitThunk [0x0x7ff805f17374+20]
	RtlUserThreadStart [0x0x7ff80757cc91+33]

2025-09-10 01:33:42,296 - TestBabihostLogin - INFO - Test started: test_login
2025-09-10 01:33:42,303 - BabihostLogin - INFO - Location email
2025-09-10 01:33:42,303 - BabihostLogin - INFO - Location email
2025-09-10 01:33:42,303 - BabihostLogin - INFO - Location email
2025-09-10 01:33:42,303 - BabihostLogin - INFO - Location email
2025-09-10 01:33:42,362 - BabihostLogin - INFO - Sent username
2025-09-10 01:33:42,362 - BabihostLogin - INFO - Sent username
2025-09-10 01:33:42,362 - BabihostLogin - INFO - Sent username
2025-09-10 01:33:42,362 - BabihostLogin - INFO - Sent username
2025-09-10 01:33:45,614 - TestBabihostLogin - ERROR - An error occurred during login: Message: no such element: Unable to locate element: {"method":"xpath","selector":"//*[@id="nova-ui-dropdown-button-3"]"}
  (Session info: chrome=140.0.7339.81); For documentation on this error, please visit: https://www.selenium.dev/documentation/webdriver/troubleshooting/errors#nosuchelementexception
Stacktrace:
	GetHandleVerifier [0x0x7ff6048afca5+79861]
	GetHandleVerifier [0x0x7ff6048afd00+79952]
	(No symbol) [0x0x7ff60462cada]
	(No symbol) [0x0x7ff604684457]
	(No symbol) [0x0x7ff60468471c]
	(No symbol) [0x0x7ff6046d8217]
	(No symbol) [0x0x7ff6046acb1f]
	(No symbol) [0x0x7ff6046d4f8b]
	(No symbol) [0x0x7ff6046ac8b3]
	(No symbol) [0x0x7ff604675272]
	(No symbol) [0x0x7ff604676043]
	GetHandleVerifier [0x0x7ff604b6b9dd+2946349]
	GetHandleVerifier [0x0x7ff604b65c5a+2922410]
	GetHandleVerifier [0x0x7ff604b859e7+3052855]
	GetHandleVerifier [0x0x7ff6048caa8e+189918]
	GetHandleVerifier [0x0x7ff6048d2a2f+222591]
	GetHandleVerifier [0x0x7ff6048b8ac4+116244]
	GetHandleVerifier [0x0x7ff6048b8c79+116681]
	GetHandleVerifier [0x0x7ff60489f058+11176]
	BaseThreadInitThunk [0x0x7ff805f17374+20]
	RtlUserThreadStart [0x0x7ff80757cc91+33]

2025-09-10 20:20:52,604 - TestBabihostLogin - INFO - Test started: test_login
2025-09-10 20:20:52,611 - BabihostLogin - INFO - Location email
2025-09-10 20:20:52,782 - BabihostLogin - INFO - Sent username
2025-09-10 20:21:00,968 - BabihostLogin - INFO - Confirmed logout via site popup
2025-09-10 20:21:03,969 - TestBabihostLogin - INFO - Login test completed successfully
2025-09-10 20:21:03,985 - TestBabihostLogin - INFO - Test started: test_login
2025-09-10 20:21:04,002 - BabihostLogin - INFO - Location email
2025-09-10 20:21:04,002 - BabihostLogin - INFO - Location email
2025-09-10 20:21:04,080 - BabihostLogin - INFO - Sent username
2025-09-10 20:21:04,080 - BabihostLogin - INFO - Sent username
2025-09-10 20:21:07,406 - TestBabihostLogin - ERROR - An error occurred during login: Message: no such element: Unable to locate element: {"method":"xpath","selector":"//*[@id="nova-ui-dropdown-button-3"]"}
  (Session info: chrome=140.0.7339.81); For documentation on this error, please visit: https://www.selenium.dev/documentation/webdriver/troubleshooting/errors#nosuchelementexception
Stacktrace:
	GetHandleVerifier [0x0x7ff7f20ffca5+79861]
	GetHandleVerifier [0x0x7ff7f20ffd00+79952]
	(No symbol) [0x0x7ff7f1e7cada]
	(No symbol) [0x0x7ff7f1ed4457]
	(No symbol) [0x0x7ff7f1ed471c]
	(No symbol) [0x0x7ff7f1f28217]
	(No symbol) [0x0x7ff7f1efcb1f]
	(No symbol) [0x0x7ff7f1f24f8b]
	(No symbol) [0x0x7ff7f1efc8b3]
	(No symbol) [0x0x7ff7f1ec5272]
	(No symbol) [0x0x7ff7f1ec6043]
	GetHandleVerifier [0x0x7ff7f23bb9dd+2946349]
	GetHandleVerifier [0x0x7ff7f23b5c5a+2922410]
	GetHandleVerifier [0x0x7ff7f23d59e7+3052855]
	GetHandleVerifier [0x0x7ff7f211aa8e+189918]
	GetHandleVerifier [0x0x7ff7f2122a2f+222591]
	GetHandleVerifier [0x0x7ff7f2108ac4+116244]
	GetHandleVerifier [0x0x7ff7f2108c79+116681]
	GetHandleVerifier [0x0x7ff7f20ef058+11176]
	BaseThreadInitThunk [0x0x7ff805f17374+20]
	RtlUserThreadStart [0x0x7ff80757cc91+33]

2025-09-10 20:21:07,799 - TestBabihostLogin - INFO - Test started: test_login
2025-09-10 20:21:07,817 - BabihostLogin - INFO - Location email
2025-09-10 20:21:07,817 - BabihostLogin - INFO - Location email
2025-09-10 20:21:07,817 - BabihostLogin - INFO - Location email
2025-09-10 20:21:08,001 - BabihostLogin - INFO - Sent username
2025-09-10 20:21:08,001 - BabihostLogin - INFO - Sent username
2025-09-10 20:21:08,001 - BabihostLogin - INFO - Sent username
2025-09-10 20:21:11,272 - TestBabihostLogin - ERROR - An error occurred during login: Message: no such element: Unable to locate element: {"method":"xpath","selector":"//*[@id="nova-ui-dropdown-button-3"]"}
  (Session info: chrome=140.0.7339.81); For documentation on this error, please visit: https://www.selenium.dev/documentation/webdriver/troubleshooting/errors#nosuchelementexception
Stacktrace:
	GetHandleVerifier [0x0x7ff7f20ffca5+79861]
	GetHandleVerifier [0x0x7ff7f20ffd00+79952]
	(No symbol) [0x0x7ff7f1e7cada]
	(No symbol) [0x0x7ff7f1ed4457]
	(No symbol) [0x0x7ff7f1ed471c]
	(No symbol) [0x0x7ff7f1f28217]
	(No symbol) [0x0x7ff7f1efcb1f]
	(No symbol) [0x0x7ff7f1f24f8b]
	(No symbol) [0x0x7ff7f1efc8b3]
	(No symbol) [0x0x7ff7f1ec5272]
	(No symbol) [0x0x7ff7f1ec6043]
	GetHandleVerifier [0x0x7ff7f23bb9dd+2946349]
	GetHandleVerifier [0x0x7ff7f23b5c5a+2922410]
	GetHandleVerifier [0x0x7ff7f23d59e7+3052855]
	GetHandleVerifier [0x0x7ff7f211aa8e+189918]
	GetHandleVerifier [0x0x7ff7f2122a2f+222591]
	GetHandleVerifier [0x0x7ff7f2108ac4+116244]
	GetHandleVerifier [0x0x7ff7f2108c79+116681]
	GetHandleVerifier [0x0x7ff7f20ef058+11176]
	BaseThreadInitThunk [0x0x7ff805f17374+20]
	RtlUserThreadStart [0x0x7ff80757cc91+33]

2025-09-10 20:21:11,728 - TestBabihostLogin - INFO - Test started: test_login
2025-09-10 20:21:11,748 - BabihostLogin - INFO - Location email
2025-09-10 20:21:11,748 - BabihostLogin - INFO - Location email
2025-09-10 20:21:11,748 - BabihostLogin - INFO - Location email
2025-09-10 20:21:11,748 - BabihostLogin - INFO - Location email
2025-09-10 20:21:11,928 - BabihostLogin - INFO - Sent username
2025-09-10 20:21:11,928 - BabihostLogin - INFO - Sent username
2025-09-10 20:21:11,928 - BabihostLogin - INFO - Sent username
2025-09-10 20:21:11,928 - BabihostLogin - INFO - Sent username
2025-09-10 20:21:15,265 - TestBabihostLogin - ERROR - An error occurred during login: Message: no such element: Unable to locate element: {"method":"xpath","selector":"//*[@id="nova-ui-dropdown-button-3"]"}
  (Session info: chrome=140.0.7339.81); For documentation on this error, please visit: https://www.selenium.dev/documentation/webdriver/troubleshooting/errors#nosuchelementexception
Stacktrace:
	GetHandleVerifier [0x0x7ff7f20ffca5+79861]
	GetHandleVerifier [0x0x7ff7f20ffd00+79952]
	(No symbol) [0x0x7ff7f1e7cada]
	(No symbol) [0x0x7ff7f1ed4457]
	(No symbol) [0x0x7ff7f1ed471c]
	(No symbol) [0x0x7ff7f1f28217]
	(No symbol) [0x0x7ff7f1efcb1f]
	(No symbol) [0x0x7ff7f1f24f8b]
	(No symbol) [0x0x7ff7f1efc8b3]
	(No symbol) [0x0x7ff7f1ec5272]
	(No symbol) [0x0x7ff7f1ec6043]
	GetHandleVerifier [0x0x7ff7f23bb9dd+2946349]
	GetHandleVerifier [0x0x7ff7f23b5c5a+2922410]
	GetHandleVerifier [0x0x7ff7f23d59e7+3052855]
	GetHandleVerifier [0x0x7ff7f211aa8e+189918]
	GetHandleVerifier [0x0x7ff7f2122a2f+222591]
	GetHandleVerifier [0x0x7ff7f2108ac4+116244]
	GetHandleVerifier [0x0x7ff7f2108c79+116681]
	GetHandleVerifier [0x0x7ff7f20ef058+11176]
	BaseThreadInitThunk [0x0x7ff805f17374+20]
	RtlUserThreadStart [0x0x7ff80757cc91+33]

2025-09-10 20:27:52,473 - TestBabihostLogin - INFO - Test started: test_login
2025-09-10 20:27:52,504 - BabihostLogin - INFO - Location email
2025-09-10 20:27:52,917 - BabihostLogin - INFO - Sent username
2025-09-10 20:27:56,922 - TestBabihostLogin - ERROR - An error occurred during login: Message: no such element: Unable to locate element: {"method":"xpath","selector":"//*[@id="nova-ui-dropdown-menu-4"]/div/nav/button"}
  (Session info: chrome=140.0.7339.81); For documentation on this error, please visit: https://www.selenium.dev/documentation/webdriver/troubleshooting/errors#nosuchelementexception
Stacktrace:
	GetHandleVerifier [0x0x7ff7f20ffca5+79861]
	GetHandleVerifier [0x0x7ff7f20ffd00+79952]
	(No symbol) [0x0x7ff7f1e7cada]
	(No symbol) [0x0x7ff7f1ed4457]
	(No symbol) [0x0x7ff7f1ed471c]
	(No symbol) [0x0x7ff7f1f28217]
	(No symbol) [0x0x7ff7f1efcb1f]
	(No symbol) [0x0x7ff7f1f24f8b]
	(No symbol) [0x0x7ff7f1efc8b3]
	(No symbol) [0x0x7ff7f1ec5272]
	(No symbol) [0x0x7ff7f1ec6043]
	GetHandleVerifier [0x0x7ff7f23bb9dd+2946349]
	GetHandleVerifier [0x0x7ff7f23b5c5a+2922410]
	GetHandleVerifier [0x0x7ff7f23d59e7+3052855]
	GetHandleVerifier [0x0x7ff7f211aa8e+189918]
	GetHandleVerifier [0x0x7ff7f2122a2f+222591]
	GetHandleVerifier [0x0x7ff7f2108ac4+116244]
	GetHandleVerifier [0x0x7ff7f2108c79+116681]
	GetHandleVerifier [0x0x7ff7f20ef058+11176]
	BaseThreadInitThunk [0x0x7ff805f17374+20]
	RtlUserThreadStart [0x0x7ff80757cc91+33]

2025-09-10 20:27:57,231 - TestBabihostLogin - INFO - Test started: test_login
2025-09-10 20:27:57,242 - BabihostLogin - INFO - Location email
2025-09-10 20:27:57,242 - BabihostLogin - INFO - Location email
2025-09-10 20:28:40,538 - TestBabihostLogin - ERROR - An error occurred during login: Message: invalid session id: session deleted as the browser has closed the connection
from disconnected: not connected to DevTools
  (Session info: chrome=140.0.7339.81); For documentation on this error, please visit: https://www.selenium.dev/documentation/webdriver/troubleshooting/errors#invalidsessionidexception
Stacktrace:
	GetHandleVerifier [0x0x7ff7f20ffca5+79861]
	GetHandleVerifier [0x0x7ff7f20ffd00+79952]
	(No symbol) [0x0x7ff7f1e7cada]
	(No symbol) [0x0x7ff7f1e68995]
	(No symbol) [0x0x7ff7f1e8dbda]
	(No symbol) [0x0x7ff7f1f04346]
	(No symbol) [0x0x7ff7f1f248c2]
	(No symbol) [0x0x7ff7f1efc8b3]
	(No symbol) [0x0x7ff7f1ec5272]
	(No symbol) [0x0x7ff7f1ec6043]
	GetHandleVerifier [0x0x7ff7f23bb9dd+2946349]
	GetHandleVerifier [0x0x7ff7f23b5c5a+2922410]
	GetHandleVerifier [0x0x7ff7f23d59e7+3052855]
	GetHandleVerifier [0x0x7ff7f211aa8e+189918]
	GetHandleVerifier [0x0x7ff7f2122a2f+222591]
	GetHandleVerifier [0x0x7ff7f2108ac4+116244]
	GetHandleVerifier [0x0x7ff7f2108c79+116681]
	GetHandleVerifier [0x0x7ff7f20ef058+11176]
	BaseThreadInitThunk [0x0x7ff805f17374+20]
	RtlUserThreadStart [0x0x7ff80757cc91+33]

2025-09-10 20:31:27,027 - TestBabihostLogin - INFO - Test started: test_login
2025-09-10 20:31:27,038 - BabihostLogin - INFO - Location email
2025-09-10 20:31:27,235 - BabihostLogin - INFO - Sent username
2025-09-10 20:31:31,048 - TestBabihostLogin - ERROR - An error occurred during login: Message: no such element: Unable to locate element: {"method":"xpath","selector":"//*[@id="nova-ui-dropdown-button-3"]/span/span[2]/svg"}
  (Session info: chrome=140.0.7339.81); For documentation on this error, please visit: https://www.selenium.dev/documentation/webdriver/troubleshooting/errors#nosuchelementexception
Stacktrace:
	GetHandleVerifier [0x0x7ff7f20ffca5+79861]
	GetHandleVerifier [0x0x7ff7f20ffd00+79952]
	(No symbol) [0x0x7ff7f1e7cada]
	(No symbol) [0x0x7ff7f1ed4457]
	(No symbol) [0x0x7ff7f1ed471c]
	(No symbol) [0x0x7ff7f1f28217]
	(No symbol) [0x0x7ff7f1efcb1f]
	(No symbol) [0x0x7ff7f1f24f8b]
	(No symbol) [0x0x7ff7f1efc8b3]
	(No symbol) [0x0x7ff7f1ec5272]
	(No symbol) [0x0x7ff7f1ec6043]
	GetHandleVerifier [0x0x7ff7f23bb9dd+2946349]
	GetHandleVerifier [0x0x7ff7f23b5c5a+2922410]
	GetHandleVerifier [0x0x7ff7f23d59e7+3052855]
	GetHandleVerifier [0x0x7ff7f211aa8e+189918]
	GetHandleVerifier [0x0x7ff7f2122a2f+222591]
	GetHandleVerifier [0x0x7ff7f2108ac4+116244]
	GetHandleVerifier [0x0x7ff7f2108c79+116681]
	GetHandleVerifier [0x0x7ff7f20ef058+11176]
	BaseThreadInitThunk [0x0x7ff805f17374+20]
	RtlUserThreadStart [0x0x7ff80757cc91+33]

2025-09-10 20:31:31,406 - TestBabihostLogin - INFO - Test started: test_login
2025-09-10 20:31:31,418 - BabihostLogin - INFO - Location email
2025-09-10 20:31:31,418 - BabihostLogin - INFO - Location email
2025-09-10 20:31:45,291 - TestBabihostLogin - ERROR - An error occurred during login: Message: invalid session id: session deleted as the browser has closed the connection
from disconnected: not connected to DevTools
  (Session info: chrome=140.0.7339.81); For documentation on this error, please visit: https://www.selenium.dev/documentation/webdriver/troubleshooting/errors#invalidsessionidexception
Stacktrace:
	GetHandleVerifier [0x0x7ff7f20ffca5+79861]
	GetHandleVerifier [0x0x7ff7f20ffd00+79952]
	(No symbol) [0x0x7ff7f1e7cada]
	(No symbol) [0x0x7ff7f1e68995]
	(No symbol) [0x0x7ff7f1e8dbda]
	(No symbol) [0x0x7ff7f1f04346]
	(No symbol) [0x0x7ff7f1f248c2]
	(No symbol) [0x0x7ff7f1efc8b3]
	(No symbol) [0x0x7ff7f1ec5272]
	(No symbol) [0x0x7ff7f1ec6043]
	GetHandleVerifier [0x0x7ff7f23bb9dd+2946349]
	GetHandleVerifier [0x0x7ff7f23b5c5a+2922410]
	GetHandleVerifier [0x0x7ff7f23d59e7+3052855]
	GetHandleVerifier [0x0x7ff7f211aa8e+189918]
	GetHandleVerifier [0x0x7ff7f2122a2f+222591]
	GetHandleVerifier [0x0x7ff7f2108ac4+116244]
	GetHandleVerifier [0x0x7ff7f2108c79+116681]
	GetHandleVerifier [0x0x7ff7f20ef058+11176]
	BaseThreadInitThunk [0x0x7ff805f17374+20]
	RtlUserThreadStart [0x0x7ff80757cc91+33]

2025-09-10 20:32:11,878 - TestBabihostLogin - INFO - Test started: test_login
2025-09-10 20:32:11,910 - BabihostLogin - INFO - Location email
2025-09-10 20:32:12,316 - BabihostLogin - INFO - Sent username
2025-09-10 20:32:20,861 - BabihostLogin - INFO - Confirmed logout via site popup
2025-09-10 20:32:23,869 - TestBabihostLogin - INFO - Login test completed successfully
2025-09-10 20:32:23,887 - TestBabihostLogin - INFO - Test started: test_login
2025-09-10 20:32:23,960 - BabihostLogin - INFO - Location email
2025-09-10 20:32:23,960 - BabihostLogin - INFO - Location email
2025-09-10 20:32:24,098 - BabihostLogin - INFO - Sent username
2025-09-10 20:32:24,098 - BabihostLogin - INFO - Sent username
2025-09-10 20:32:27,367 - TestBabihostLogin - ERROR - An error occurred during login: Message: no such element: Unable to locate element: {"method":"xpath","selector":"//*[@id="nova-ui-dropdown-button-3"]"}
  (Session info: chrome=140.0.7339.81); For documentation on this error, please visit: https://www.selenium.dev/documentation/webdriver/troubleshooting/errors#nosuchelementexception
Stacktrace:
	GetHandleVerifier [0x0x7ff7f20ffca5+79861]
	GetHandleVerifier [0x0x7ff7f20ffd00+79952]
	(No symbol) [0x0x7ff7f1e7cada]
	(No symbol) [0x0x7ff7f1ed4457]
	(No symbol) [0x0x7ff7f1ed471c]
	(No symbol) [0x0x7ff7f1f28217]
	(No symbol) [0x0x7ff7f1efcb1f]
	(No symbol) [0x0x7ff7f1f24f8b]
	(No symbol) [0x0x7ff7f1efc8b3]
	(No symbol) [0x0x7ff7f1ec5272]
	(No symbol) [0x0x7ff7f1ec6043]
	GetHandleVerifier [0x0x7ff7f23bb9dd+2946349]
	GetHandleVerifier [0x0x7ff7f23b5c5a+2922410]
	GetHandleVerifier [0x0x7ff7f23d59e7+3052855]
	GetHandleVerifier [0x0x7ff7f211aa8e+189918]
	GetHandleVerifier [0x0x7ff7f2122a2f+222591]
	GetHandleVerifier [0x0x7ff7f2108ac4+116244]
	GetHandleVerifier [0x0x7ff7f2108c79+116681]
	GetHandleVerifier [0x0x7ff7f20ef058+11176]
	BaseThreadInitThunk [0x0x7ff805f17374+20]
	RtlUserThreadStart [0x0x7ff80757cc91+33]

2025-09-10 20:32:27,686 - TestBabihostLogin - INFO - Test started: test_login
2025-09-10 20:32:27,704 - BabihostLogin - INFO - Location email
2025-09-10 20:32:27,704 - BabihostLogin - INFO - Location email
2025-09-10 20:32:27,704 - BabihostLogin - INFO - Location email
2025-09-10 20:32:27,889 - BabihostLogin - INFO - Sent username
2025-09-10 20:32:27,889 - BabihostLogin - INFO - Sent username
2025-09-10 20:32:27,889 - BabihostLogin - INFO - Sent username
2025-09-10 20:32:31,247 - TestBabihostLogin - ERROR - An error occurred during login: Message: no such element: Unable to locate element: {"method":"xpath","selector":"//*[@id="nova-ui-dropdown-button-3"]"}
  (Session info: chrome=140.0.7339.81); For documentation on this error, please visit: https://www.selenium.dev/documentation/webdriver/troubleshooting/errors#nosuchelementexception
Stacktrace:
	GetHandleVerifier [0x0x7ff7f20ffca5+79861]
	GetHandleVerifier [0x0x7ff7f20ffd00+79952]
	(No symbol) [0x0x7ff7f1e7cada]
	(No symbol) [0x0x7ff7f1ed4457]
	(No symbol) [0x0x7ff7f1ed471c]
	(No symbol) [0x0x7ff7f1f28217]
	(No symbol) [0x0x7ff7f1efcb1f]
	(No symbol) [0x0x7ff7f1f24f8b]
	(No symbol) [0x0x7ff7f1efc8b3]
	(No symbol) [0x0x7ff7f1ec5272]
	(No symbol) [0x0x7ff7f1ec6043]
	GetHandleVerifier [0x0x7ff7f23bb9dd+2946349]
	GetHandleVerifier [0x0x7ff7f23b5c5a+2922410]
	GetHandleVerifier [0x0x7ff7f23d59e7+3052855]
	GetHandleVerifier [0x0x7ff7f211aa8e+189918]
	GetHandleVerifier [0x0x7ff7f2122a2f+222591]
	GetHandleVerifier [0x0x7ff7f2108ac4+116244]
	GetHandleVerifier [0x0x7ff7f2108c79+116681]
	GetHandleVerifier [0x0x7ff7f20ef058+11176]
	BaseThreadInitThunk [0x0x7ff805f17374+20]
	RtlUserThreadStart [0x0x7ff80757cc91+33]

2025-09-10 20:32:31,603 - TestBabihostLogin - INFO - Test started: test_login
2025-09-10 20:32:31,618 - BabihostLogin - INFO - Location email
2025-09-10 20:32:31,618 - BabihostLogin - INFO - Location email
2025-09-10 20:32:31,618 - BabihostLogin - INFO - Location email
2025-09-10 20:32:31,618 - BabihostLogin - INFO - Location email
2025-09-10 20:32:31,754 - BabihostLogin - INFO - Sent username
2025-09-10 20:32:31,754 - BabihostLogin - INFO - Sent username
2025-09-10 20:32:31,754 - BabihostLogin - INFO - Sent username
2025-09-10 20:32:31,754 - BabihostLogin - INFO - Sent username
2025-09-10 20:32:35,017 - TestBabihostLogin - ERROR - An error occurred during login: Message: no such element: Unable to locate element: {"method":"xpath","selector":"//*[@id="nova-ui-dropdown-button-3"]"}
  (Session info: chrome=140.0.7339.81); For documentation on this error, please visit: https://www.selenium.dev/documentation/webdriver/troubleshooting/errors#nosuchelementexception
Stacktrace:
	GetHandleVerifier [0x0x7ff7f20ffca5+79861]
	GetHandleVerifier [0x0x7ff7f20ffd00+79952]
	(No symbol) [0x0x7ff7f1e7cada]
	(No symbol) [0x0x7ff7f1ed4457]
	(No symbol) [0x0x7ff7f1ed471c]
	(No symbol) [0x0x7ff7f1f28217]
	(No symbol) [0x0x7ff7f1efcb1f]
	(No symbol) [0x0x7ff7f1f24f8b]
	(No symbol) [0x0x7ff7f1efc8b3]
	(No symbol) [0x0x7ff7f1ec5272]
	(No symbol) [0x0x7ff7f1ec6043]
	GetHandleVerifier [0x0x7ff7f23bb9dd+2946349]
	GetHandleVerifier [0x0x7ff7f23b5c5a+2922410]
	GetHandleVerifier [0x0x7ff7f23d59e7+3052855]
	GetHandleVerifier [0x0x7ff7f211aa8e+189918]
	GetHandleVerifier [0x0x7ff7f2122a2f+222591]
	GetHandleVerifier [0x0x7ff7f2108ac4+116244]
	GetHandleVerifier [0x0x7ff7f2108c79+116681]
	GetHandleVerifier [0x0x7ff7f20ef058+11176]
	BaseThreadInitThunk [0x0x7ff805f17374+20]
	RtlUserThreadStart [0x0x7ff80757cc91+33]

2025-09-10 20:42:38,443 - TestBabihostLogin - INFO - Test started: test_login
2025-09-10 20:42:38,475 - BabihostLogin - INFO - Location email
2025-09-10 20:42:38,778 - BabihostLogin - INFO - Sent username
2025-09-10 20:42:47,029 - BabihostLogin - INFO - Confirmed logout via site popup
2025-09-10 20:42:50,030 - TestBabihostLogin - INFO - Login test completed successfully
2025-09-10 20:42:50,043 - TestBabihostLogin - INFO - Test started: test_login
2025-09-10 20:42:50,071 - BabihostLogin - INFO - Location email
2025-09-10 20:42:50,071 - BabihostLogin - INFO - Location email
2025-09-10 20:42:50,307 - BabihostLogin - INFO - Sent username
2025-09-10 20:42:50,307 - BabihostLogin - INFO - Sent username
2025-09-10 20:42:53,571 - TestBabihostLogin - ERROR - An error occurred during login: Message: no such element: Unable to locate element: {"method":"xpath","selector":"//*[@id="nova-ui-dropdown-button-3"]"}
  (Session info: chrome=140.0.7339.81); For documentation on this error, please visit: https://www.selenium.dev/documentation/webdriver/troubleshooting/errors#nosuchelementexception
Stacktrace:
	GetHandleVerifier [0x0x7ff7f20ffca5+79861]
	GetHandleVerifier [0x0x7ff7f20ffd00+79952]
	(No symbol) [0x0x7ff7f1e7cada]
	(No symbol) [0x0x7ff7f1ed4457]
	(No symbol) [0x0x7ff7f1ed471c]
	(No symbol) [0x0x7ff7f1f28217]
	(No symbol) [0x0x7ff7f1efcb1f]
	(No symbol) [0x0x7ff7f1f24f8b]
	(No symbol) [0x0x7ff7f1efc8b3]
	(No symbol) [0x0x7ff7f1ec5272]
	(No symbol) [0x0x7ff7f1ec6043]
	GetHandleVerifier [0x0x7ff7f23bb9dd+2946349]
	GetHandleVerifier [0x0x7ff7f23b5c5a+2922410]
	GetHandleVerifier [0x0x7ff7f23d59e7+3052855]
	GetHandleVerifier [0x0x7ff7f211aa8e+189918]
	GetHandleVerifier [0x0x7ff7f2122a2f+222591]
	GetHandleVerifier [0x0x7ff7f2108ac4+116244]
	GetHandleVerifier [0x0x7ff7f2108c79+116681]
	GetHandleVerifier [0x0x7ff7f20ef058+11176]
	BaseThreadInitThunk [0x0x7ff805f17374+20]
	RtlUserThreadStart [0x0x7ff80757cc91+33]

2025-09-10 20:42:54,059 - TestBabihostLogin - INFO - Test started: test_login
2025-09-10 20:42:54,093 - BabihostLogin - INFO - Location email
2025-09-10 20:42:54,093 - BabihostLogin - INFO - Location email
2025-09-10 20:42:54,093 - BabihostLogin - INFO - Location email
2025-09-10 20:42:54,344 - BabihostLogin - INFO - Sent username
2025-09-10 20:42:54,344 - BabihostLogin - INFO - Sent username
2025-09-10 20:42:54,344 - BabihostLogin - INFO - Sent username
2025-09-10 20:42:57,659 - TestBabihostLogin - ERROR - An error occurred during login: Message: no such element: Unable to locate element: {"method":"xpath","selector":"//*[@id="nova-ui-dropdown-button-3"]"}
  (Session info: chrome=140.0.7339.81); For documentation on this error, please visit: https://www.selenium.dev/documentation/webdriver/troubleshooting/errors#nosuchelementexception
Stacktrace:
	GetHandleVerifier [0x0x7ff7f20ffca5+79861]
	GetHandleVerifier [0x0x7ff7f20ffd00+79952]
	(No symbol) [0x0x7ff7f1e7cada]
	(No symbol) [0x0x7ff7f1ed4457]
	(No symbol) [0x0x7ff7f1ed471c]
	(No symbol) [0x0x7ff7f1f28217]
	(No symbol) [0x0x7ff7f1efcb1f]
	(No symbol) [0x0x7ff7f1f24f8b]
	(No symbol) [0x0x7ff7f1efc8b3]
	(No symbol) [0x0x7ff7f1ec5272]
	(No symbol) [0x0x7ff7f1ec6043]
	GetHandleVerifier [0x0x7ff7f23bb9dd+2946349]
	GetHandleVerifier [0x0x7ff7f23b5c5a+2922410]
	GetHandleVerifier [0x0x7ff7f23d59e7+3052855]
	GetHandleVerifier [0x0x7ff7f211aa8e+189918]
	GetHandleVerifier [0x0x7ff7f2122a2f+222591]
	GetHandleVerifier [0x0x7ff7f2108ac4+116244]
	GetHandleVerifier [0x0x7ff7f2108c79+116681]
	GetHandleVerifier [0x0x7ff7f20ef058+11176]
	BaseThreadInitThunk [0x0x7ff805f17374+20]
	RtlUserThreadStart [0x0x7ff80757cc91+33]

2025-09-10 20:42:57,924 - TestBabihostLogin - INFO - Test started: test_login
2025-09-10 20:42:57,936 - BabihostLogin - INFO - Location email
2025-09-10 20:42:57,936 - BabihostLogin - INFO - Location email
2025-09-10 20:42:57,936 - BabihostLogin - INFO - Location email
2025-09-10 20:42:57,936 - BabihostLogin - INFO - Location email
2025-09-10 20:42:58,042 - BabihostLogin - INFO - Sent username
2025-09-10 20:42:58,042 - BabihostLogin - INFO - Sent username
2025-09-10 20:42:58,042 - BabihostLogin - INFO - Sent username
2025-09-10 20:42:58,042 - BabihostLogin - INFO - Sent username
2025-09-10 20:43:01,419 - TestBabihostLogin - ERROR - An error occurred during login: Message: no such element: Unable to locate element: {"method":"xpath","selector":"//*[@id="nova-ui-dropdown-button-3"]"}
  (Session info: chrome=140.0.7339.81); For documentation on this error, please visit: https://www.selenium.dev/documentation/webdriver/troubleshooting/errors#nosuchelementexception
Stacktrace:
	GetHandleVerifier [0x0x7ff7f20ffca5+79861]
	GetHandleVerifier [0x0x7ff7f20ffd00+79952]
	(No symbol) [0x0x7ff7f1e7cada]
	(No symbol) [0x0x7ff7f1ed4457]
	(No symbol) [0x0x7ff7f1ed471c]
	(No symbol) [0x0x7ff7f1f28217]
	(No symbol) [0x0x7ff7f1efcb1f]
	(No symbol) [0x0x7ff7f1f24f8b]
	(No symbol) [0x0x7ff7f1efc8b3]
	(No symbol) [0x0x7ff7f1ec5272]
	(No symbol) [0x0x7ff7f1ec6043]
	GetHandleVerifier [0x0x7ff7f23bb9dd+2946349]
	GetHandleVerifier [0x0x7ff7f23b5c5a+2922410]
	GetHandleVerifier [0x0x7ff7f23d59e7+3052855]
	GetHandleVerifier [0x0x7ff7f211aa8e+189918]
	GetHandleVerifier [0x0x7ff7f2122a2f+222591]
	GetHandleVerifier [0x0x7ff7f2108ac4+116244]
	GetHandleVerifier [0x0x7ff7f2108c79+116681]
	GetHandleVerifier [0x0x7ff7f20ef058+11176]
	BaseThreadInitThunk [0x0x7ff805f17374+20]
	RtlUserThreadStart [0x0x7ff80757cc91+33]

2025-09-10 20:54:28,724 - TestBabihostLogin - INFO - Test started: test_login
2025-09-10 20:54:28,738 - BabihostLogin - INFO - Location email
2025-09-10 20:54:28,908 - BabihostLogin - INFO - Sent username
2025-09-10 20:54:32,563 - TestBabihostLogin - ERROR - An error occurred during login: Message: no such element: Unable to locate element: {"method":"xpath","selector":"//*[@id="nova-ui-dropdown-menu-4"]/div/nav/button"}
  (Session info: chrome=140.0.7339.81); For documentation on this error, please visit: https://www.selenium.dev/documentation/webdriver/troubleshooting/errors#nosuchelementexception
Stacktrace:
	GetHandleVerifier [0x0x7ff7f20ffca5+79861]
	GetHandleVerifier [0x0x7ff7f20ffd00+79952]
	(No symbol) [0x0x7ff7f1e7cada]
	(No symbol) [0x0x7ff7f1ed4457]
	(No symbol) [0x0x7ff7f1ed471c]
	(No symbol) [0x0x7ff7f1f28217]
	(No symbol) [0x0x7ff7f1efcb1f]
	(No symbol) [0x0x7ff7f1f24f8b]
	(No symbol) [0x0x7ff7f1efc8b3]
	(No symbol) [0x0x7ff7f1ec5272]
	(No symbol) [0x0x7ff7f1ec6043]
	GetHandleVerifier [0x0x7ff7f23bb9dd+2946349]
	GetHandleVerifier [0x0x7ff7f23b5c5a+2922410]
	GetHandleVerifier [0x0x7ff7f23d59e7+3052855]
	GetHandleVerifier [0x0x7ff7f211aa8e+189918]
	GetHandleVerifier [0x0x7ff7f2122a2f+222591]
	GetHandleVerifier [0x0x7ff7f2108ac4+116244]
	GetHandleVerifier [0x0x7ff7f2108c79+116681]
	GetHandleVerifier [0x0x7ff7f20ef058+11176]
	BaseThreadInitThunk [0x0x7ff805f17374+20]
	RtlUserThreadStart [0x0x7ff80757cc91+33]

2025-09-10 20:54:33,051 - TestBabihostLogin - INFO - Test started: test_login
2025-09-10 20:54:33,090 - BabihostLogin - INFO - Location email
2025-09-10 20:54:33,090 - BabihostLogin - INFO - Location email
2025-09-10 20:55:11,763 - TestBabihostLogin - ERROR - An error occurred during login: Message: invalid session id: session deleted as the browser has closed the connection
from disconnected: not connected to DevTools
  (Session info: chrome=140.0.7339.81); For documentation on this error, please visit: https://www.selenium.dev/documentation/webdriver/troubleshooting/errors#invalidsessionidexception
Stacktrace:
	GetHandleVerifier [0x0x7ff7f20ffca5+79861]
	GetHandleVerifier [0x0x7ff7f20ffd00+79952]
	(No symbol) [0x0x7ff7f1e7cada]
	(No symbol) [0x0x7ff7f1e68995]
	(No symbol) [0x0x7ff7f1e8dbda]
	(No symbol) [0x0x7ff7f1f04346]
	(No symbol) [0x0x7ff7f1f248c2]
	(No symbol) [0x0x7ff7f1efc8b3]
	(No symbol) [0x0x7ff7f1ec5272]
	(No symbol) [0x0x7ff7f1ec6043]
	GetHandleVerifier [0x0x7ff7f23bb9dd+2946349]
	GetHandleVerifier [0x0x7ff7f23b5c5a+2922410]
	GetHandleVerifier [0x0x7ff7f23d59e7+3052855]
	GetHandleVerifier [0x0x7ff7f211aa8e+189918]
	GetHandleVerifier [0x0x7ff7f2122a2f+222591]
	GetHandleVerifier [0x0x7ff7f2108ac4+116244]
	GetHandleVerifier [0x0x7ff7f2108c79+116681]
	GetHandleVerifier [0x0x7ff7f20ef058+11176]
	BaseThreadInitThunk [0x0x7ff805f17374+20]
	RtlUserThreadStart [0x0x7ff80757cc91+33]

2025-09-10 21:02:26,559 - TestBabihostLogin - INFO - Test started: test_login
2025-09-10 21:02:26,586 - BabihostLogin - INFO - Location email
2025-09-10 21:02:26,970 - BabihostLogin - INFO - Sent username
2025-09-10 21:02:35,293 - BabihostLogin - INFO - Confirmed logout via site popup
2025-09-10 21:02:38,294 - TestBabihostLogin - INFO - Login test completed successfully
2025-09-10 21:02:38,300 - TestBabihostLogin - INFO - Test started: test_login
2025-09-10 21:02:38,321 - BabihostLogin - INFO - Location email
2025-09-10 21:02:38,321 - BabihostLogin - INFO - Location email
2025-09-10 21:02:38,420 - BabihostLogin - INFO - Sent username
2025-09-10 21:02:38,420 - BabihostLogin - INFO - Sent username
2025-09-10 21:02:41,660 - TestBabihostLogin - ERROR - An error occurred during login: Message: no such element: Unable to locate element: {"method":"xpath","selector":"//*[@id="nova-ui-dropdown-button-3"]"}
  (Session info: chrome=140.0.7339.81); For documentation on this error, please visit: https://www.selenium.dev/documentation/webdriver/troubleshooting/errors#nosuchelementexception
Stacktrace:
	GetHandleVerifier [0x0x7ff7f20ffca5+79861]
	GetHandleVerifier [0x0x7ff7f20ffd00+79952]
	(No symbol) [0x0x7ff7f1e7cada]
	(No symbol) [0x0x7ff7f1ed4457]
	(No symbol) [0x0x7ff7f1ed471c]
	(No symbol) [0x0x7ff7f1f28217]
	(No symbol) [0x0x7ff7f1efcb1f]
	(No symbol) [0x0x7ff7f1f24f8b]
	(No symbol) [0x0x7ff7f1efc8b3]
	(No symbol) [0x0x7ff7f1ec5272]
	(No symbol) [0x0x7ff7f1ec6043]
	GetHandleVerifier [0x0x7ff7f23bb9dd+2946349]
	GetHandleVerifier [0x0x7ff7f23b5c5a+2922410]
	GetHandleVerifier [0x0x7ff7f23d59e7+3052855]
	GetHandleVerifier [0x0x7ff7f211aa8e+189918]
	GetHandleVerifier [0x0x7ff7f2122a2f+222591]
	GetHandleVerifier [0x0x7ff7f2108ac4+116244]
	GetHandleVerifier [0x0x7ff7f2108c79+116681]
	GetHandleVerifier [0x0x7ff7f20ef058+11176]
	BaseThreadInitThunk [0x0x7ff805f17374+20]
	RtlUserThreadStart [0x0x7ff80757cc91+33]

2025-09-10 21:02:42,229 - TestBabihostLogin - INFO - Test started: test_login
2025-09-10 21:02:42,261 - BabihostLogin - INFO - Location email
2025-09-10 21:02:42,261 - BabihostLogin - INFO - Location email
2025-09-10 21:02:42,261 - BabihostLogin - INFO - Location email
2025-09-10 21:02:42,470 - BabihostLogin - INFO - Sent username
2025-09-10 21:02:42,470 - BabihostLogin - INFO - Sent username
2025-09-10 21:02:42,470 - BabihostLogin - INFO - Sent username
2025-09-10 21:02:45,818 - TestBabihostLogin - ERROR - An error occurred during login: Message: no such element: Unable to locate element: {"method":"xpath","selector":"//*[@id="nova-ui-dropdown-button-3"]"}
  (Session info: chrome=140.0.7339.81); For documentation on this error, please visit: https://www.selenium.dev/documentation/webdriver/troubleshooting/errors#nosuchelementexception
Stacktrace:
	GetHandleVerifier [0x0x7ff7f20ffca5+79861]
	GetHandleVerifier [0x0x7ff7f20ffd00+79952]
	(No symbol) [0x0x7ff7f1e7cada]
	(No symbol) [0x0x7ff7f1ed4457]
	(No symbol) [0x0x7ff7f1ed471c]
	(No symbol) [0x0x7ff7f1f28217]
	(No symbol) [0x0x7ff7f1efcb1f]
	(No symbol) [0x0x7ff7f1f24f8b]
	(No symbol) [0x0x7ff7f1efc8b3]
	(No symbol) [0x0x7ff7f1ec5272]
	(No symbol) [0x0x7ff7f1ec6043]
	GetHandleVerifier [0x0x7ff7f23bb9dd+2946349]
	GetHandleVerifier [0x0x7ff7f23b5c5a+2922410]
	GetHandleVerifier [0x0x7ff7f23d59e7+3052855]
	GetHandleVerifier [0x0x7ff7f211aa8e+189918]
	GetHandleVerifier [0x0x7ff7f2122a2f+222591]
	GetHandleVerifier [0x0x7ff7f2108ac4+116244]
	GetHandleVerifier [0x0x7ff7f2108c79+116681]
	GetHandleVerifier [0x0x7ff7f20ef058+11176]
	BaseThreadInitThunk [0x0x7ff805f17374+20]
	RtlUserThreadStart [0x0x7ff80757cc91+33]

2025-09-10 21:02:46,237 - TestBabihostLogin - INFO - Test started: test_login
2025-09-10 21:02:46,248 - BabihostLogin - INFO - Location email
2025-09-10 21:02:46,248 - BabihostLogin - INFO - Location email
2025-09-10 21:02:46,248 - BabihostLogin - INFO - Location email
2025-09-10 21:02:46,248 - BabihostLogin - INFO - Location email
2025-09-10 21:02:46,336 - BabihostLogin - INFO - Sent username
2025-09-10 21:02:46,336 - BabihostLogin - INFO - Sent username
2025-09-10 21:02:46,336 - BabihostLogin - INFO - Sent username
2025-09-10 21:02:46,336 - BabihostLogin - INFO - Sent username
2025-09-10 21:02:49,781 - TestBabihostLogin - ERROR - An error occurred during login: Message: no such element: Unable to locate element: {"method":"xpath","selector":"//*[@id="nova-ui-dropdown-button-3"]"}
  (Session info: chrome=140.0.7339.81); For documentation on this error, please visit: https://www.selenium.dev/documentation/webdriver/troubleshooting/errors#nosuchelementexception
Stacktrace:
	GetHandleVerifier [0x0x7ff7f20ffca5+79861]
	GetHandleVerifier [0x0x7ff7f20ffd00+79952]
	(No symbol) [0x0x7ff7f1e7cada]
	(No symbol) [0x0x7ff7f1ed4457]
	(No symbol) [0x0x7ff7f1ed471c]
	(No symbol) [0x0x7ff7f1f28217]
	(No symbol) [0x0x7ff7f1efcb1f]
	(No symbol) [0x0x7ff7f1f24f8b]
	(No symbol) [0x0x7ff7f1efc8b3]
	(No symbol) [0x0x7ff7f1ec5272]
	(No symbol) [0x0x7ff7f1ec6043]
	GetHandleVerifier [0x0x7ff7f23bb9dd+2946349]
	GetHandleVerifier [0x0x7ff7f23b5c5a+2922410]
	GetHandleVerifier [0x0x7ff7f23d59e7+3052855]
	GetHandleVerifier [0x0x7ff7f211aa8e+189918]
	GetHandleVerifier [0x0x7ff7f2122a2f+222591]
	GetHandleVerifier [0x0x7ff7f2108ac4+116244]
	GetHandleVerifier [0x0x7ff7f2108c79+116681]
	GetHandleVerifier [0x0x7ff7f20ef058+11176]
	BaseThreadInitThunk [0x0x7ff805f17374+20]
	RtlUserThreadStart [0x0x7ff80757cc91+33]

2025-09-10 21:09:01,560 - TestBabihostLogin - INFO - Test started: test_login
2025-09-10 21:09:01,568 - BabihostLogin - INFO - Location email
2025-09-10 21:09:01,749 - BabihostLogin - INFO - Sent username
2025-09-10 21:09:09,500 - BabihostLogin - INFO - Confirmed logout via site popup
2025-09-10 21:09:12,502 - TestBabihostLogin - INFO - Login test completed successfully
2025-09-10 21:09:12,510 - TestBabihostLogin - INFO - Test started: test_login
2025-09-10 21:09:12,518 - BabihostLogin - INFO - Location email
2025-09-10 21:09:12,518 - BabihostLogin - INFO - Location email
2025-09-10 21:09:16,982 - BabihostLogin - INFO - Sent username
2025-09-10 21:09:16,982 - BabihostLogin - INFO - Sent username
2025-09-10 21:09:20,181 - TestBabihostLogin - ERROR - An error occurred during login: Message: no such element: Unable to locate element: {"method":"xpath","selector":"//*[@id="nova-ui-dropdown-button-3"]"}
  (Session info: chrome=140.0.7339.81); For documentation on this error, please visit: https://www.selenium.dev/documentation/webdriver/troubleshooting/errors#nosuchelementexception
Stacktrace:
	GetHandleVerifier [0x0x7ff7f20ffca5+79861]
	GetHandleVerifier [0x0x7ff7f20ffd00+79952]
	(No symbol) [0x0x7ff7f1e7cada]
	(No symbol) [0x0x7ff7f1ed4457]
	(No symbol) [0x0x7ff7f1ed471c]
	(No symbol) [0x0x7ff7f1f28217]
	(No symbol) [0x0x7ff7f1efcb1f]
	(No symbol) [0x0x7ff7f1f24f8b]
	(No symbol) [0x0x7ff7f1efc8b3]
	(No symbol) [0x0x7ff7f1ec5272]
	(No symbol) [0x0x7ff7f1ec6043]
	GetHandleVerifier [0x0x7ff7f23bb9dd+2946349]
	GetHandleVerifier [0x0x7ff7f23b5c5a+2922410]
	GetHandleVerifier [0x0x7ff7f23d59e7+3052855]
	GetHandleVerifier [0x0x7ff7f211aa8e+189918]
	GetHandleVerifier [0x0x7ff7f2122a2f+222591]
	GetHandleVerifier [0x0x7ff7f2108ac4+116244]
	GetHandleVerifier [0x0x7ff7f2108c79+116681]
	GetHandleVerifier [0x0x7ff7f20ef058+11176]
	BaseThreadInitThunk [0x0x7ff805f17374+20]
	RtlUserThreadStart [0x0x7ff80757cc91+33]

2025-09-10 21:09:20,709 - TestBabihostLogin - INFO - Test started: test_login
2025-09-10 21:09:20,721 - BabihostLogin - INFO - Location email
2025-09-10 21:09:20,721 - BabihostLogin - INFO - Location email
2025-09-10 21:09:20,721 - BabihostLogin - INFO - Location email
2025-09-10 21:09:20,896 - BabihostLogin - INFO - Sent username
2025-09-10 21:09:20,896 - BabihostLogin - INFO - Sent username
2025-09-10 21:09:20,896 - BabihostLogin - INFO - Sent username
2025-09-10 21:09:24,265 - TestBabihostLogin - ERROR - An error occurred during login: Message: no such element: Unable to locate element: {"method":"xpath","selector":"//*[@id="nova-ui-dropdown-button-3"]"}
  (Session info: chrome=140.0.7339.81); For documentation on this error, please visit: https://www.selenium.dev/documentation/webdriver/troubleshooting/errors#nosuchelementexception
Stacktrace:
	GetHandleVerifier [0x0x7ff7f20ffca5+79861]
	GetHandleVerifier [0x0x7ff7f20ffd00+79952]
	(No symbol) [0x0x7ff7f1e7cada]
	(No symbol) [0x0x7ff7f1ed4457]
	(No symbol) [0x0x7ff7f1ed471c]
	(No symbol) [0x0x7ff7f1f28217]
	(No symbol) [0x0x7ff7f1efcb1f]
	(No symbol) [0x0x7ff7f1f24f8b]
	(No symbol) [0x0x7ff7f1efc8b3]
	(No symbol) [0x0x7ff7f1ec5272]
	(No symbol) [0x0x7ff7f1ec6043]
	GetHandleVerifier [0x0x7ff7f23bb9dd+2946349]
	GetHandleVerifier [0x0x7ff7f23b5c5a+2922410]
	GetHandleVerifier [0x0x7ff7f23d59e7+3052855]
	GetHandleVerifier [0x0x7ff7f211aa8e+189918]
	GetHandleVerifier [0x0x7ff7f2122a2f+222591]
	GetHandleVerifier [0x0x7ff7f2108ac4+116244]
	GetHandleVerifier [0x0x7ff7f2108c79+116681]
	GetHandleVerifier [0x0x7ff7f20ef058+11176]
	BaseThreadInitThunk [0x0x7ff805f17374+20]
	RtlUserThreadStart [0x0x7ff80757cc91+33]

2025-09-10 21:09:24,794 - TestBabihostLogin - INFO - Test started: test_login
2025-09-10 21:09:24,822 - BabihostLogin - INFO - Location email
2025-09-10 21:09:24,822 - BabihostLogin - INFO - Location email
2025-09-10 21:09:24,822 - BabihostLogin - INFO - Location email
2025-09-10 21:09:24,822 - BabihostLogin - INFO - Location email
2025-09-10 21:09:25,021 - BabihostLogin - INFO - Sent username
2025-09-10 21:09:25,021 - BabihostLogin - INFO - Sent username
2025-09-10 21:09:25,021 - BabihostLogin - INFO - Sent username
2025-09-10 21:09:25,021 - BabihostLogin - INFO - Sent username
2025-09-10 21:09:28,340 - TestBabihostLogin - ERROR - An error occurred during login: Message: no such element: Unable to locate element: {"method":"xpath","selector":"//*[@id="nova-ui-dropdown-button-3"]"}
  (Session info: chrome=140.0.7339.81); For documentation on this error, please visit: https://www.selenium.dev/documentation/webdriver/troubleshooting/errors#nosuchelementexception
Stacktrace:
	GetHandleVerifier [0x0x7ff7f20ffca5+79861]
	GetHandleVerifier [0x0x7ff7f20ffd00+79952]
	(No symbol) [0x0x7ff7f1e7cada]
	(No symbol) [0x0x7ff7f1ed4457]
	(No symbol) [0x0x7ff7f1ed471c]
	(No symbol) [0x0x7ff7f1f28217]
	(No symbol) [0x0x7ff7f1efcb1f]
	(No symbol) [0x0x7ff7f1f24f8b]
	(No symbol) [0x0x7ff7f1efc8b3]
	(No symbol) [0x0x7ff7f1ec5272]
	(No symbol) [0x0x7ff7f1ec6043]
	GetHandleVerifier [0x0x7ff7f23bb9dd+2946349]
	GetHandleVerifier [0x0x7ff7f23b5c5a+2922410]
	GetHandleVerifier [0x0x7ff7f23d59e7+3052855]
	GetHandleVerifier [0x0x7ff7f211aa8e+189918]
	GetHandleVerifier [0x0x7ff7f2122a2f+222591]
	GetHandleVerifier [0x0x7ff7f2108ac4+116244]
	GetHandleVerifier [0x0x7ff7f2108c79+116681]
	GetHandleVerifier [0x0x7ff7f20ef058+11176]
	BaseThreadInitThunk [0x0x7ff805f17374+20]
	RtlUserThreadStart [0x0x7ff80757cc91+33]

2025-09-10 21:26:19,195 - TestBabihostLogin - INFO - Test started: test_login
2025-09-10 21:26:19,236 - BabihostLogin - INFO - Location email
2025-09-10 21:26:19,491 - BabihostLogin - INFO - Sent username
2025-09-10 21:26:23,323 - TestBabihostLogin - ERROR - An error occurred during login: Message: no such element: Unable to locate element: {"method":"xpath","selector":"//*[@id="nova-ui-dropdown-menu-4"]/div/nav/button"}
  (Session info: chrome=140.0.7339.81); For documentation on this error, please visit: https://www.selenium.dev/documentation/webdriver/troubleshooting/errors#nosuchelementexception
Stacktrace:
	GetHandleVerifier [0x0x7ff7f20ffca5+79861]
	GetHandleVerifier [0x0x7ff7f20ffd00+79952]
	(No symbol) [0x0x7ff7f1e7cada]
	(No symbol) [0x0x7ff7f1ed4457]
	(No symbol) [0x0x7ff7f1ed471c]
	(No symbol) [0x0x7ff7f1f28217]
	(No symbol) [0x0x7ff7f1efcb1f]
	(No symbol) [0x0x7ff7f1f24f8b]
	(No symbol) [0x0x7ff7f1efc8b3]
	(No symbol) [0x0x7ff7f1ec5272]
	(No symbol) [0x0x7ff7f1ec6043]
	GetHandleVerifier [0x0x7ff7f23bb9dd+2946349]
	GetHandleVerifier [0x0x7ff7f23b5c5a+2922410]
	GetHandleVerifier [0x0x7ff7f23d59e7+3052855]
	GetHandleVerifier [0x0x7ff7f211aa8e+189918]
	GetHandleVerifier [0x0x7ff7f2122a2f+222591]
	GetHandleVerifier [0x0x7ff7f2108ac4+116244]
	GetHandleVerifier [0x0x7ff7f2108c79+116681]
	GetHandleVerifier [0x0x7ff7f20ef058+11176]
	BaseThreadInitThunk [0x0x7ff805f17374+20]
	RtlUserThreadStart [0x0x7ff80757cc91+33]

2025-09-10 21:26:23,591 - TestBabihostLogin - INFO - Test started: test_login
2025-09-10 21:26:23,602 - BabihostLogin - INFO - Location email
2025-09-10 21:26:23,602 - BabihostLogin - INFO - Location email
2025-09-10 21:27:22,827 - TestBabihostLogin - ERROR - An error occurred during login: Message: invalid session id: session deleted as the browser has closed the connection
from disconnected: not connected to DevTools
  (Session info: chrome=140.0.7339.81); For documentation on this error, please visit: https://www.selenium.dev/documentation/webdriver/troubleshooting/errors#invalidsessionidexception
Stacktrace:
	GetHandleVerifier [0x0x7ff7f20ffca5+79861]
	GetHandleVerifier [0x0x7ff7f20ffd00+79952]
	(No symbol) [0x0x7ff7f1e7cada]
	(No symbol) [0x0x7ff7f1e68995]
	(No symbol) [0x0x7ff7f1e8dbda]
	(No symbol) [0x0x7ff7f1f04346]
	(No symbol) [0x0x7ff7f1f248c2]
	(No symbol) [0x0x7ff7f1efc8b3]
	(No symbol) [0x0x7ff7f1ec5272]
	(No symbol) [0x0x7ff7f1ec6043]
	GetHandleVerifier [0x0x7ff7f23bb9dd+2946349]
	GetHandleVerifier [0x0x7ff7f23b5c5a+2922410]
	GetHandleVerifier [0x0x7ff7f23d59e7+3052855]
	GetHandleVerifier [0x0x7ff7f211aa8e+189918]
	GetHandleVerifier [0x0x7ff7f2122a2f+222591]
	GetHandleVerifier [0x0x7ff7f2108ac4+116244]
	GetHandleVerifier [0x0x7ff7f2108c79+116681]
	GetHandleVerifier [0x0x7ff7f20ef058+11176]
	BaseThreadInitThunk [0x0x7ff805f17374+20]
	RtlUserThreadStart [0x0x7ff80757cc91+33]

